<?xml version="1.0" encoding="UTF-8"?>
<beans xmlns="http://www.springframework.org/schema/beans"
	xmlns:xsi="http://www.w3.org/2001/XMLSchema-instance" xmlns:jee="http://www.springframework.org/schema/jee"
	xmlns:jms="http://www.springframework.org/schema/jms" xmlns:p="http://www.springframework.org/schema/p"
	xmlns:tx="http://www.springframework.org/schema/tx" xmlns:util="http://www.springframework.org/schema/util"
	xmlns:context="http://www.springframework.org/schema/context"
	xsi:schemaLocation="http://www.springframework.org/schema/beans http://www.springframework.org/schema/beans/spring-beans-3.0.xsd http://www.springframework.org/schema/jee http://www.springframework.org/schema/jee/spring-jee-3.0.xsd http://www.springframework.org/schema/jms http://www.springframework.org/schema/jms/spring-jms-3.0.xsd http://www.springframework.org/schema/tx http://www.springframework.org/schema/tx/spring-tx-3.0.xsd http://www.springframework.org/schema/util http://www.springframework.org/schema/util/spring-util-3.0.xsd http://www.springframework.org/schema/context http://www.springframework.org/schema/context/spring-context-3.0.xsd">

	<tx:annotation-driven />

	<context:component-scan base-package="com.stee.ers.security.dao,com.stee.ers.rms.dao" />

	<bean id="sessionFactory"
		class="org.springframework.orm.hibernate3.annotation.AnnotationSessionFactoryBean">
		<property name="dataSource" ref="dataSource" />
		<property name="packagesToScan" value="com.stee.ers.security.entity,
											com.stee.ers.rms.entity,
											com.stee.ers.ims.entity,
											com.stee.ers.dqs.entity,
											com.stee.ers.common.entity,
											com.stee.ers.cams.entity,
											com.stee.ers.ncts.entity" />
		<property name="hibernateProperties">
			<props>
				<prop key="hibernate.ejb.naming_strategy">org.hibernate.cfg.ImprovedNamingStrategy</prop>
				<prop key="hibernate.dialect">org.hibernate.dialect.OracleDialect</prop>
				<prop key="hibernate.show_sql">true</prop>
				<prop key="hibernate.hbm2ddl.auto">update</prop>
				<prop key="hibernate.format_sql">true</prop>
				<prop key="hibernate.use_sql_comments">false</prop>

				<prop key="hibernate.cache.use_second_level">true</prop>
 				<prop key="hibernate.cache.use_query_cache">true</prop>
 				<prop key="hibernate.connection.release_mode">auto</prop>

 				<prop key="hibernate.cache.provider_class">com.tangosol.coherence.hibernate.CoherenceCacheProvider</prop>
 				<prop key="hibernate.transaction.factory_class">org.hibernate.transaction.JTATransactionFactory</prop>
				
			</props>
		</property>
		<property name="namingStrategy">
			<bean  class="org.hibernate.cfg.ImprovedNamingStrategy"/>
		</property>
	</bean>

	
	<bean id="transactionManager"
		class="org.springframework.orm.hibernate3.HibernateTransactionManager">
		<property name="sessionFactory" ref="sessionFactory" />
	</bean>

	<bean id="transactionTemplate" class="org.springframework.transaction.support.TransactionTemplate">
		<property name="transactionManager" ref="transactionManager"/>
	</bean>
	
	<jee:jndi-lookup id="dataSource" jndi-name="ERSDataSource">
		<jee:environment>
			java.naming.factory.initial=weblogic.jndi.WLInitialContextFactory
			java.naming.provider.url=t3://localhost:7001
		</jee:environment>
	</jee:jndi-lookup>

	<bean id="hibernateTemplate" class="org.springframework.orm.hibernate3.HibernateTemplate">
		<property name="sessionFactory" ref="sessionFactory" />
	</bean>

	<bean
		class="org.springframework.orm.jpa.support.PersistenceAnnotationBeanPostProcessor" />

	<bean
		class="org.springframework.dao.annotation.PersistenceExceptionTranslationPostProcessor" />
 
</beans>
